SF:lib\note_models\note.dart
DA:9,6
DA:18,3
DA:19,3
DA:20,3
DA:21,3
DA:22,3
DA:23,3
DA:24,6
DA:25,6
DA:29,2
DA:37,2
DA:38,2
DA:39,0
DA:40,1
DA:41,1
DA:42,2
DA:43,2
LF:17
LH:16
end_of_record
SF:lib\components\noteEditorWidget.dart
DA:16,0
DA:23,0
DA:24,0
DA:36,0
DA:38,0
DA:40,0
DA:41,0
DA:42,0
DA:43,0
DA:44,0
DA:45,0
DA:49,0
DA:51,0
DA:52,0
DA:53,0
DA:54,0
DA:55,0
DA:59,0
DA:60,0
DA:62,0
DA:63,0
DA:64,0
DA:67,0
DA:68,0
DA:71,0
DA:72,0
DA:75,0
DA:76,0
DA:77,0
DA:80,0
DA:81,0
DA:83,0
DA:84,0
DA:87,0
DA:88,0
DA:89,0
DA:90,0
DA:97,0
DA:99,0
DA:100,0
DA:101,0
DA:102,0
DA:105,0
DA:106,0
DA:107,0
DA:108,0
DA:109,0
DA:110,0
DA:113,0
DA:128,0
DA:131,0
DA:132,0
DA:133,0
DA:134,0
DA:140,0
DA:141,0
DA:146,0
DA:147,0
DA:149,0
DA:150,0
DA:151,0
DA:152,0
DA:157,0
DA:158,0
DA:159,0
DA:160,0
DA:161,0
DA:163,0
DA:164,0
DA:168,0
DA:169,0
DA:173,0
DA:174,0
DA:178,0
DA:180,0
DA:183,0
DA:187,0
DA:189,0
DA:190,0
DA:192,0
DA:193,0
DA:194,0
DA:195,0
DA:196,0
DA:206,0
DA:208,0
DA:209,0
DA:216,0
DA:217,0
DA:224,0
DA:225,0
DA:228,0
DA:229,0
DA:230,0
DA:231,0
DA:232,0
DA:239,0
DA:241,0
DA:242,0
DA:245,0
DA:256,0
DA:257,0
DA:258,0
DA:259,0
DA:261,0
DA:264,0
DA:265,0
DA:266,0
DA:267,0
DA:268,0
DA:271,0
DA:272,0
DA:274,0
DA:275,0
DA:276,0
DA:278,0
DA:279,0
LF:117
LH:0
end_of_record
SF:lib\components\note_loader.dart
DA:9,1
DA:11,1
DA:12,1
DA:20,1
DA:22,1
DA:23,1
DA:26,1
DA:27,1
DA:28,0
DA:29,0
DA:31,0
DA:32,0
DA:36,0
DA:39,0
DA:40,0
DA:41,0
DA:42,0
DA:45,1
DA:47,1
DA:53,0
DA:54,0
DA:55,0
DA:56,0
DA:57,0
LF:24
LH:10
end_of_record
SF:lib\pages\noteScreen.dart
DA:13,1
DA:19,1
DA:20,1
DA:26,1
DA:28,1
DA:29,3
DA:32,0
DA:33,0
DA:34,0
DA:37,0
DA:38,0
DA:39,0
DA:42,0
DA:43,0
DA:46,1
DA:48,2
DA:49,2
DA:51,1
DA:52,1
DA:55,1
DA:56,1
DA:57,2
DA:58,2
DA:61,1
DA:62,1
DA:63,1
DA:70,0
DA:72,0
DA:73,0
LF:29
LH:18
end_of_record
SF:lib\utilis\note_helpers.dart
DA:13,1
DA:15,1
DA:16,3
DA:17,1
DA:18,7
DA:19,1
DA:22,2
DA:24,1
DA:25,1
DA:26,1
DA:29,1
DA:31,2
DA:32,6
DA:33,3
DA:34,3
DA:35,1
DA:36,0
DA:37,0
DA:38,0
DA:41,1
DA:43,0
DA:47,1
DA:48,1
DA:49,1
DA:52,1
DA:53,1
DA:58,1
DA:59,1
DA:61,1
DA:62,1
DA:65,1
DA:66,6
DA:70,2
DA:71,1
DA:73,0
DA:77,1
DA:79,2
DA:80,4
DA:81,1
DA:83,1
DA:85,0
LF:41
LH:35
end_of_record
SF:lib\components\sideBar.dart
DA:15,2
DA:26,2
DA:27,2
DA:35,2
DA:37,2
DA:38,8
DA:39,5
DA:42,0
DA:44,0
DA:45,0
DA:48,1
DA:49,3
DA:50,5
DA:52,3
DA:53,0
DA:54,0
DA:57,2
DA:58,5
DA:59,1
DA:61,1
DA:62,1
DA:65,2
DA:66,1
DA:71,1
DA:72,1
DA:73,1
DA:74,2
DA:75,1
DA:76,1
DA:77,1
DA:78,1
DA:79,0
DA:80,1
DA:82,1
DA:83,3
DA:84,1
DA:90,1
DA:91,3
DA:92,1
DA:96,1
DA:97,1
DA:98,1
DA:99,2
DA:100,1
DA:101,1
DA:102,1
DA:103,1
DA:104,0
DA:105,1
DA:107,1
DA:108,3
DA:109,1
DA:115,1
DA:116,3
DA:120,2
DA:121,18
DA:124,2
DA:139,4
DA:142,2
DA:143,2
DA:144,6
DA:145,4
DA:146,0
DA:151,2
DA:153,2
DA:156,2
DA:157,2
DA:159,2
DA:161,2
DA:162,2
DA:163,2
DA:165,2
DA:167,2
DA:170,2
DA:174,2
DA:175,2
DA:176,2
DA:177,4
DA:178,2
DA:179,2
DA:180,2
DA:181,4
DA:182,2
DA:186,2
DA:190,2
DA:191,2
DA:192,2
DA:193,2
DA:194,2
DA:198,2
DA:199,2
DA:200,2
DA:202,2
DA:205,2
DA:211,2
DA:212,2
DA:213,4
DA:214,2
DA:215,2
DA:216,2
DA:217,2
DA:219,2
DA:220,2
DA:221,2
DA:222,2
DA:231,6
DA:232,2
DA:234,2
DA:235,2
DA:236,2
DA:238,2
DA:239,2
DA:241,2
DA:242,2
DA:244,1
DA:245,2
DA:246,2
DA:247,1
DA:254,2
DA:255,4
DA:256,1
DA:257,1
DA:259,1
DA:261,2
DA:266,2
DA:267,4
DA:268,2
DA:269,4
DA:271,4
DA:272,0
DA:274,2
DA:275,4
DA:276,2
DA:277,2
DA:281,2
DA:282,2
DA:284,0
DA:285,2
DA:286,2
DA:288,0
DA:289,0
DA:290,0
DA:292,0
DA:297,2
DA:299,2
DA:300,2
DA:303,2
DA:304,2
DA:305,4
DA:306,2
DA:308,2
DA:311,2
DA:315,2
DA:318,2
DA:319,2
DA:320,2
DA:321,4
DA:323,2
DA:324,2
DA:327,2
DA:333,2
DA:334,2
DA:338,3
DA:343,2
DA:344,4
DA:347,2
DA:349,2
LF:167
LH:153
end_of_record
SF:lib\utilis\note_services.dart
DA:7,2
DA:9,2
DA:11,2
DA:12,4
DA:13,6
DA:14,4
DA:17,4
DA:18,4
DA:19,8
DA:21,1
DA:25,2
DA:26,4
DA:27,6
DA:28,4
DA:31,4
DA:32,1
DA:36,2
DA:37,2
DA:38,2
DA:39,2
DA:40,2
DA:43,6
DA:46,6
DA:47,4
DA:50,4
DA:52,2
DA:53,2
DA:56,2
DA:58,2
DA:60,1
DA:61,1
DA:64,1
DA:67,8
DA:68,1
LF:34
LH:34
end_of_record
SF:lib\pages\home.dart
DA:4,1
DA:6,1
DA:8,1
DA:9,1
DA:10,1
DA:12,1
DA:17,1
DA:18,1
DA:19,1
DA:21,1
DA:22,2
DA:23,1
DA:24,1
DA:25,1
DA:27,1
DA:29,1
DA:31,1
DA:32,1
DA:33,1
DA:35,1
DA:41,1
DA:43,1
DA:68,1
DA:69,1
DA:70,1
DA:74,1
DA:75,1
DA:78,1
DA:79,1
DA:87,1
DA:88,1
DA:89,1
DA:93,1
DA:95,2
DA:96,1
DA:97,1
DA:98,1
LF:37
LH:37
end_of_record
SF:lib\pages\loginPage.dart
DA:8,1
DA:10,1
DA:11,1
DA:26,1
DA:27,3
DA:29,0
DA:31,0
DA:32,0
DA:33,0
DA:37,0
DA:38,0
DA:39,0
DA:41,0
DA:42,0
DA:43,0
DA:45,0
DA:46,0
DA:48,0
DA:52,0
DA:57,1
DA:59,1
DA:60,1
DA:61,1
DA:63,1
DA:65,1
DA:69,1
DA:70,1
DA:72,1
DA:74,1
DA:76,1
DA:81,1
DA:82,1
DA:84,1
DA:86,1
DA:103,1
DA:104,1
DA:110,1
DA:111,1
DA:112,1
DA:118,1
DA:119,1
DA:120,1
DA:121,1
DA:124,1
DA:125,1
DA:126,1
DA:130,1
DA:131,4
DA:135,1
DA:136,1
DA:139,2
DA:145,1
DA:146,2
DA:147,1
DA:149,1
DA:152,1
DA:159,1
DA:160,1
DA:161,1
LF:59
LH:45
end_of_record
SF:lib\pages\signupPage.dart
DA:7,1
DA:9,1
DA:10,1
DA:26,1
DA:27,3
DA:29,0
DA:32,0
DA:33,0
DA:34,0
DA:37,0
DA:38,0
DA:41,0
DA:45,0
DA:46,0
DA:47,0
DA:48,0
DA:51,0
DA:52,0
DA:54,0
DA:56,0
DA:60,1
DA:62,1
DA:63,1
DA:64,1
DA:67,1
DA:71,1
DA:72,1
DA:74,1
DA:76,1
DA:78,1
DA:83,1
DA:84,1
DA:86,1
DA:88,1
DA:104,1
DA:105,1
DA:106,1
DA:108,1
DA:109,1
DA:112,1
DA:113,2
DA:121,1
DA:122,1
DA:124,1
DA:126,1
DA:127,1
DA:130,1
DA:131,2
DA:134,2
DA:142,1
DA:143,1
DA:144,1
DA:145,1
DA:147,1
DA:148,1
DA:150,1
DA:151,1
DA:152,1
DA:156,1
DA:157,4
DA:161,1
DA:162,2
DA:165,2
DA:173,1
DA:174,2
DA:175,1
DA:177,1
DA:179,1
DA:180,1
DA:183,1
DA:191,1
DA:192,1
DA:193,1
LF:73
LH:58
end_of_record
